-------------------------------------------------------------------------------
Test set: praytracer.RunCucumberTest
-------------------------------------------------------------------------------
Tests run: 6, Failures: 1, Errors: 0, Skipped: 0, Time elapsed: 0.364 s <<< FAILURE! -- in praytracer.RunCucumberTest
Canvas.Canvas - Splitting long lines in PPM files -- Time elapsed: 0.027 s <<< FAILURE!
org.opentest4j.AssertionFailedError: expected: <255 204 153 255 204 153 255 204 153 255 204 153 255 204 153 255 204> but was: <255 204 153 255 204 153 255 204 153 255 204 153 255 204 153 255 204 153 255 204 153 255 204 153 255 204 153 255 204 153>
	at praytracer.CanvasDefinitions.lines_of_ppm_are(CanvasDefinitions.java:29)
	at ✽.lines 4-7 of ppm are(classpath:praytracer/canvas.feature:45)

