-------------------------------------------------------------------------------
Test set: praytracer.RunCucumberTest
-------------------------------------------------------------------------------
Tests run: 31, Failures: 10, Errors: 19, Skipped: 0, Time elapsed: 1.284 s <<< FAILURE! -- in praytracer.RunCucumberTest
Is it Friday yet?.Is it Friday yet? - Sunday isn't Friday -- Time elapsed: 0.292 s <<< ERROR!
io.cucumber.junit.platform.engine.UndefinedStepException: 
The step 'today is Sunday' and 2 other step(s) are undefined.
You can implement these steps using the snippet(s) below:

@Given("today is Sunday")
public void today_is_sunday() {
    // Write code here that turns the phrase above into concrete actions
    throw new io.cucumber.java.PendingException();
}
@When("I ask whether it's Friday yet")
public void i_ask_whether_it_s_friday_yet() {
    // Write code here that turns the phrase above into concrete actions
    throw new io.cucumber.java.PendingException();
}
@Then("I should be told {string}")
public void i_should_be_told(String string) {
    // Write code here that turns the phrase above into concrete actions
    throw new io.cucumber.java.PendingException();
}

	at io.cucumber.core.runtime.TestCaseResultObserver.assertTestCasePassed(TestCaseResultObserver.java:69)
	at io.cucumber.junit.platform.engine.TestCaseResultObserver.assertTestCasePassed(TestCaseResultObserver.java:22)
	at io.cucumber.junit.platform.engine.CucumberEngineExecutionContext.lambda$runTestCase$4(CucumberEngineExecutionContext.java:116)
	at io.cucumber.core.runtime.CucumberExecutionContext.lambda$runTestCase$5(CucumberExecutionContext.java:136)
	at io.cucumber.core.runtime.RethrowingThrowableCollector.executeAndThrow(RethrowingThrowableCollector.java:23)
	at io.cucumber.core.runtime.CucumberExecutionContext.runTestCase(CucumberExecutionContext.java:136)
	at io.cucumber.junit.platform.engine.CucumberEngineExecutionContext.runTestCase(CucumberEngineExecutionContext.java:111)
	at io.cucumber.junit.platform.engine.NodeDescriptor$PickleDescriptor.execute(NodeDescriptor.java:168)
	at io.cucumber.junit.platform.engine.NodeDescriptor$PickleDescriptor.execute(NodeDescriptor.java:90)
	at java.base/java.util.ArrayList.forEach(ArrayList.java:1596)
	at java.base/java.util.ArrayList.forEach(ArrayList.java:1596)

Tuples, Vectors, and Points.Tuples, Vectors, and Points - point() creates tuples with w=1 -- Time elapsed: 0.057 s <<< FAILURE!
org.opentest4j.AssertionFailedError: expected: <praytracer.Point@66c61024> but was: <praytracer.Tuple@61fe30>
	at praytracer.StepDefinitions.p_tuple(StepDefinitions.java:58)
	at ✽.p = tuple(4, -4, 3, 1)(classpath:praytracer/tuples.feature:23)

Tuples, Vectors, and Points.Tuples, Vectors, and Points - vector() creates tuples with w=0 -- Time elapsed: 0.032 s <<< FAILURE!
org.opentest4j.AssertionFailedError: expected: <praytracer.Vector@9ebe38b> but was: <praytracer.Tuple@4b23c30a>
	at praytracer.StepDefinitions.v_tuple(StepDefinitions.java:68)
	at ✽.v = tuple(4, -4, 3, 0)(classpath:praytracer/tuples.feature:27)

Tuples, Vectors, and Points.Tuples, Vectors, and Points - Adding two tuples -- Time elapsed: 0.017 s <<< FAILURE!
org.opentest4j.AssertionFailedError: expected: <praytracer.Tuple@30e868be> but was: <praytracer.Tuple@66c92293>
	at praytracer.StepDefinitions.a1_plus_a2_tuple(StepDefinitions.java:82)
	at ✽.a1 + a2 = tuple(1, 1, 6, 1)(classpath:praytracer/tuples.feature:32)

Tuples, Vectors, and Points.Tuples, Vectors, and Points - Subtracting two points -- Time elapsed: 0.013 s <<< FAILURE!
org.opentest4j.AssertionFailedError: expected: <praytracer.Tuple@4f0100a7> but was: <praytracer.Vector@3cdf2c61>
	at praytracer.StepDefinitions.p1_sub_p2_vector(StepDefinitions.java:97)
	at ✽.p1 - p2 = vector(-2, -4, -6)(classpath:praytracer/tuples.feature:37)

Tuples, Vectors, and Points.Tuples, Vectors, and Points - Subtracting a vector from a point -- Time elapsed: 0.011 s <<< ERROR!
java.lang.NullPointerException: Cannot invoke "praytracer.Point.sub(praytracer.Tuple)" because "this.p1" is null
	at praytracer.StepDefinitions.p_sub_v_point(StepDefinitions.java:102)
	at ✽.p - v = point(-2, -4, -6)(classpath:praytracer/tuples.feature:42)

Tuples, Vectors, and Points.Tuples, Vectors, and Points - Subtracting two vectors -- Time elapsed: 0.013 s <<< FAILURE!
org.opentest4j.AssertionFailedError: expected: <praytracer.Tuple@1e097d59> but was: <praytracer.Vector@673be18f>
	at praytracer.StepDefinitions.v1_sub_v2_vector(StepDefinitions.java:116)
	at ✽.v1 - v2 = vector(-2, -4, -6)(classpath:praytracer/tuples.feature:47)

Tuples, Vectors, and Points.Tuples, Vectors, and Points - Subtracting a vector from the zero vector -- Time elapsed: 0.016 s <<< FAILURE!
org.opentest4j.AssertionFailedError: expected: <praytracer.Tuple@39de3d36> but was: <praytracer.Vector@6ce86ce1>
	at praytracer.StepDefinitions.zero_sub_v_vector(StepDefinitions.java:127)
	at ✽.zero - v = vector(-1, 2, -3)(classpath:praytracer/tuples.feature:52)

Tuples, Vectors, and Points.Tuples, Vectors, and Points - Negating a tuple -- Time elapsed: 0.011 s <<< FAILURE!
org.opentest4j.AssertionFailedError: expected: <praytracer.Tuple@3fed2870> but was: <praytracer.Tuple@77128536>
	at praytracer.StepDefinitions.a_tuple(StepDefinitions.java:132)
	at ✽.-a = tuple(-1, 2, -3, 4)(classpath:praytracer/tuples.feature:56)

Tuples, Vectors, and Points.Tuples, Vectors, and Points - Multiplying a tuple by a scalar -- Time elapsed: 0.011 s <<< FAILURE!
org.opentest4j.AssertionFailedError: expected: <praytracer.Tuple@7ae42ce3> but was: <praytracer.Tuple@4f5991f6>
	at praytracer.StepDefinitions.a_mul_tuple(StepDefinitions.java:137)
	at ✽.a * 3.5 = tuple(3.5, -7, 10.5, -14)(classpath:praytracer/tuples.feature:60)

Tuples, Vectors, and Points.Tuples, Vectors, and Points - Multiplying a tuple by a fraction -- Time elapsed: 0.010 s <<< FAILURE!
org.opentest4j.AssertionFailedError: expected: <praytracer.Tuple@38234a38> but was: <praytracer.Tuple@63fbfaeb>
	at praytracer.StepDefinitions.a_mul_tuple(StepDefinitions.java:137)
	at ✽.a * 0.5 = tuple(0.5, -1, 1.5, -2)(classpath:praytracer/tuples.feature:64)

Tuples, Vectors, and Points.Tuples, Vectors, and Points - Dividing a tuple by a scalar -- Time elapsed: 0.010 s <<< FAILURE!
org.opentest4j.AssertionFailedError: expected: <praytracer.Tuple@2c07545f> but was: <praytracer.Tuple@e57b96d>
	at praytracer.StepDefinitions.a_div_tuple(StepDefinitions.java:142)
	at ✽.a / 2 = tuple(0.5, -1, 1.5, -2)(classpath:praytracer/tuples.feature:68)

Tuples, Vectors, and Points.Tuples, Vectors, and Points - Computing the magnitude of vector(1, 0, 0) -- Time elapsed: 0.011 s <<< ERROR!
io.cucumber.java.PendingException: TODO: implement me
	at praytracer.StepDefinitions.magnitude_v(StepDefinitions.java:148)
	at ✽.magnitude(v) = 1(classpath:praytracer/tuples.feature:72)

Tuples, Vectors, and Points.Tuples, Vectors, and Points - Computing the magnitude of vector(0, 1, 0) -- Time elapsed: 0.006 s <<< ERROR!
io.cucumber.java.PendingException: TODO: implement me
	at praytracer.StepDefinitions.magnitude_v(StepDefinitions.java:148)
	at ✽.magnitude(v) = 1(classpath:praytracer/tuples.feature:76)

Tuples, Vectors, and Points.Tuples, Vectors, and Points - Computing the magnitude of vector(0, 0, 1) -- Time elapsed: 0.005 s <<< ERROR!
io.cucumber.java.PendingException: TODO: implement me
	at praytracer.StepDefinitions.magnitude_v(StepDefinitions.java:148)
	at ✽.magnitude(v) = 1(classpath:praytracer/tuples.feature:80)

Tuples, Vectors, and Points.Tuples, Vectors, and Points - Computing the magnitude of vector(1, 2, 3) -- Time elapsed: 0.009 s <<< ERROR!
io.cucumber.junit.platform.engine.UndefinedStepException: 
The step 'magnitude(v) = √14' is undefined.
You can implement this step using the snippet(s) below:

@Then("magnitude\\(v) = √{int}")
public void magnitude_v(Integer int1) {
    // Write code here that turns the phrase above into concrete actions
    throw new io.cucumber.java.PendingException();
}

	at io.cucumber.core.runtime.TestCaseResultObserver.assertTestCasePassed(TestCaseResultObserver.java:69)
	at io.cucumber.junit.platform.engine.TestCaseResultObserver.assertTestCasePassed(TestCaseResultObserver.java:22)
	at io.cucumber.junit.platform.engine.CucumberEngineExecutionContext.lambda$runTestCase$4(CucumberEngineExecutionContext.java:116)
	at io.cucumber.core.runtime.CucumberExecutionContext.lambda$runTestCase$5(CucumberExecutionContext.java:136)
	at io.cucumber.core.runtime.RethrowingThrowableCollector.executeAndThrow(RethrowingThrowableCollector.java:23)
	at io.cucumber.core.runtime.CucumberExecutionContext.runTestCase(CucumberExecutionContext.java:136)
	at io.cucumber.junit.platform.engine.CucumberEngineExecutionContext.runTestCase(CucumberEngineExecutionContext.java:111)
	at io.cucumber.junit.platform.engine.NodeDescriptor$PickleDescriptor.execute(NodeDescriptor.java:168)
	at io.cucumber.junit.platform.engine.NodeDescriptor$PickleDescriptor.execute(NodeDescriptor.java:90)
	at java.base/java.util.ArrayList.forEach(ArrayList.java:1596)
	at java.base/java.util.ArrayList.forEach(ArrayList.java:1596)

Tuples, Vectors, and Points.Tuples, Vectors, and Points - Computing the magnitude of vector(-1, -2, -3) -- Time elapsed: 0.006 s <<< ERROR!
io.cucumber.junit.platform.engine.UndefinedStepException: 
The step 'magnitude(v) = √14' is undefined.
You can implement this step using the snippet(s) below:

@Then("magnitude\\(v) = √{int}")
public void magnitude_v(Integer int1) {
    // Write code here that turns the phrase above into concrete actions
    throw new io.cucumber.java.PendingException();
}

	at io.cucumber.core.runtime.TestCaseResultObserver.assertTestCasePassed(TestCaseResultObserver.java:69)
	at io.cucumber.junit.platform.engine.TestCaseResultObserver.assertTestCasePassed(TestCaseResultObserver.java:22)
	at io.cucumber.junit.platform.engine.CucumberEngineExecutionContext.lambda$runTestCase$4(CucumberEngineExecutionContext.java:116)
	at io.cucumber.core.runtime.CucumberExecutionContext.lambda$runTestCase$5(CucumberExecutionContext.java:136)
	at io.cucumber.core.runtime.RethrowingThrowableCollector.executeAndThrow(RethrowingThrowableCollector.java:23)
	at io.cucumber.core.runtime.CucumberExecutionContext.runTestCase(CucumberExecutionContext.java:136)
	at io.cucumber.junit.platform.engine.CucumberEngineExecutionContext.runTestCase(CucumberEngineExecutionContext.java:111)
	at io.cucumber.junit.platform.engine.NodeDescriptor$PickleDescriptor.execute(NodeDescriptor.java:168)
	at io.cucumber.junit.platform.engine.NodeDescriptor$PickleDescriptor.execute(NodeDescriptor.java:90)
	at java.base/java.util.ArrayList.forEach(ArrayList.java:1596)
	at java.base/java.util.ArrayList.forEach(ArrayList.java:1596)

Tuples, Vectors, and Points.Tuples, Vectors, and Points - Normalizing vector(4, 0, 0) gives (1, 0, 0) -- Time elapsed: 0.006 s <<< ERROR!
io.cucumber.java.PendingException: TODO: implement me
	at praytracer.StepDefinitions.normalize_v_vector(StepDefinitions.java:154)
	at ✽.normalize(v) = vector(1, 0, 0)(classpath:praytracer/tuples.feature:92)

Tuples, Vectors, and Points.Tuples, Vectors, and Points - Normalizing vector(1, 2, 3) -- Time elapsed: 0.006 s <<< ERROR!
io.cucumber.java.PendingException: TODO: implement me
	at praytracer.StepDefinitions.normalize_v_approximately_vector(StepDefinitions.java:160)
	at ✽.normalize(v) = approximately vector(0.26726, 0.53452, 0.80178)(classpath:praytracer/tuples.feature:97)

Tuples, Vectors, and Points.Tuples, Vectors, and Points - The magnitude of a normalized vector -- Time elapsed: 0.007 s <<< ERROR!
io.cucumber.java.PendingException: TODO: implement me
	at praytracer.StepDefinitions.norm_normalize_v(StepDefinitions.java:166)
	at ✽.norm ← normalize(v)(classpath:praytracer/tuples.feature:101)

Tuples, Vectors, and Points.Tuples, Vectors, and Points - The dot product of two tuples -- Time elapsed: 0.007 s <<< ERROR!
io.cucumber.java.PendingException: TODO: implement me
	at praytracer.StepDefinitions.dot_a_b(StepDefinitions.java:186)
	at ✽.dot(a, b) = 20(classpath:praytracer/tuples.feature:107)

Tuples, Vectors, and Points.Tuples, Vectors, and Points - The cross product of two vectors -- Time elapsed: 0.007 s <<< ERROR!
io.cucumber.java.PendingException: TODO: implement me
	at praytracer.StepDefinitions.cross_a_b_vector(StepDefinitions.java:192)
	at ✽.cross(a, b) = vector(-1, 2, -1)(classpath:praytracer/tuples.feature:112)

Tuples, Vectors, and Points.Tuples, Vectors, and Points - Colors are (red, green, blue) tuples -- Time elapsed: 0.007 s <<< ERROR!
io.cucumber.java.PendingException: TODO: implement me
	at praytracer.StepDefinitions.c_color(StepDefinitions.java:203)
	at ✽.c ← color(-0.5, 0.4, 1.7)(classpath:praytracer/tuples.feature:116)

Tuples, Vectors, and Points.Tuples, Vectors, and Points - Adding colors -- Time elapsed: 0.008 s <<< ERROR!
io.cucumber.java.PendingException: TODO: implement me
	at praytracer.StepDefinitions.c1_color(StepDefinitions.java:224)
	at ✽.c1 ← color(0.9, 0.6, 0.75)(classpath:praytracer/tuples.feature:122)

Tuples, Vectors, and Points.Tuples, Vectors, and Points - Subtracting colors -- Time elapsed: 0.005 s <<< ERROR!
io.cucumber.java.PendingException: TODO: implement me
	at praytracer.StepDefinitions.c1_color(StepDefinitions.java:224)
	at ✽.c1 ← color(0.9, 0.6, 0.75)(classpath:praytracer/tuples.feature:127)

Tuples, Vectors, and Points.Tuples, Vectors, and Points - Multiplying a color by a scalar -- Time elapsed: 0.005 s <<< ERROR!
io.cucumber.java.PendingException: TODO: implement me
	at praytracer.StepDefinitions.c_color(StepDefinitions.java:203)
	at ✽.c ← color(0.2, 0.3, 0.4)(classpath:praytracer/tuples.feature:132)

Tuples, Vectors, and Points.Tuples, Vectors, and Points - Multiplying colors -- Time elapsed: 0.013 s <<< ERROR!
io.cucumber.core.runner.AmbiguousStepDefinitionsException: 
"c1 ← color(1, 0.2, 0.4)" matches more than one step definition:
  "c1 ← color\({double}, {double}, {double})" in praytracer.StepDefinitions.c1_color(java.lang.Double,java.lang.Double,java.lang.Double)
  "c1 ← color\({int}, {double}, {double})" in praytracer.StepDefinitions.c1_color(java.lang.Integer,java.lang.Double,java.lang.Double)
	at io.cucumber.core.runner.CachingGlue.findStepDefinitionMatch(CachingGlue.java:406)
	at io.cucumber.core.runner.CachingGlue.stepDefinitionMatch(CachingGlue.java:374)
	at io.cucumber.core.runner.Runner.matchStepToStepDefinition(Runner.java:183)
	at io.cucumber.core.runner.Runner.createTestStepsForPickleSteps(Runner.java:163)
	at io.cucumber.core.runner.Runner.createTestCaseForPickle(Runner.java:146)
	at io.cucumber.core.runner.Runner.runPickle(Runner.java:74)
	at io.cucumber.junit.platform.engine.CucumberEngineExecutionContext.lambda$runTestCase$4(CucumberEngineExecutionContext.java:114)
	at io.cucumber.core.runtime.CucumberExecutionContext.lambda$runTestCase$5(CucumberExecutionContext.java:136)
	at io.cucumber.core.runtime.RethrowingThrowableCollector.executeAndThrow(RethrowingThrowableCollector.java:23)
	at io.cucumber.core.runtime.CucumberExecutionContext.runTestCase(CucumberExecutionContext.java:136)
	at io.cucumber.junit.platform.engine.CucumberEngineExecutionContext.runTestCase(CucumberEngineExecutionContext.java:111)
	at io.cucumber.junit.platform.engine.NodeDescriptor$PickleDescriptor.execute(NodeDescriptor.java:168)
	at io.cucumber.junit.platform.engine.NodeDescriptor$PickleDescriptor.execute(NodeDescriptor.java:90)
	at java.base/java.util.ArrayList.forEach(ArrayList.java:1596)
	at java.base/java.util.ArrayList.forEach(ArrayList.java:1596)

Tuples, Vectors, and Points.Tuples, Vectors, and Points - Reflecting a vector approaching at 45° -- Time elapsed: 0.005 s <<< ERROR!
io.cucumber.java.PendingException: TODO: implement me
	at praytracer.StepDefinitions.r_reflect_v_n(StepDefinitions.java:267)
	at ✽.r ← reflect(v, n)(classpath:praytracer/tuples.feature:143)

Tuples, Vectors, and Points.Tuples, Vectors, and Points - Reflecting a vector off a slanted surface -- Time elapsed: 0.008 s <<< ERROR!
io.cucumber.java.PendingException: TODO: implement me
	at praytracer.StepDefinitions.n_vector(StepDefinitions.java:278)
	at ✽.n ← vector(√2/2, √2/2, 0)(classpath:praytracer/tuples.feature:148)

