<?xml version="1.0" encoding="UTF-8"?>
<testsuite xmlns:xsi="http://www.w3.org/2001/XMLSchema-instance" xsi:noNamespaceSchemaLocation="https://maven.apache.org/surefire/maven-surefire-plugin/xsd/surefire-test-report.xsd" version="3.0.2" name="praytracer.RunCucumberTest" time="0.602" tests="28" errors="0" skipped="0" failures="0">
  <properties>
[...]
</properties>
  <testcase name="Tuples, Vectors, and Points - A tuple with w=1.0 is a point" classname="Tuples, Vectors, and Points" time="0.152">
    <system-out><![CDATA[
Scenario: A tuple with w=1.0 is a point &amp#27;[90m# praytracer/tuples.feature:3&amp#27;[0m
  &amp#27;[32mGiven &amp#27;[0m&amp#27;[32ma ← tuple(&amp#27;[0m&amp#27;[32m&amp#27;[1m4.3&amp#27;[0m&amp#27;[32m, &amp#27;[0m&amp#27;[32m&amp#27;[1m-4.2&amp#27;[0m&amp#27;[32m, &amp#27;[0m&amp#27;[32m&amp#27;[1m3.1&amp#27;[0m&amp#27;[32m, &amp#27;[0m&amp#27;[32m&amp#27;[1m1.0&amp#27;[0m&amp#27;[32m)&amp#27;[0m  &amp#27;[90m# praytracer.StepDefinitions.a_tuple(java.lang.Double,java.lang.Double,java.lang.Double,java.lang.Double)&amp#27;[0m
  &amp#27;[32mThen &amp#27;[0m&amp#27;[32ma.x = &amp#27;[0m&amp#27;[32m&amp#27;[1m4.3&amp#27;[0m                        &amp#27;[90m# praytracer.StepDefinitions.a_x(java.lang.Double)&amp#27;[0m
  &amp#27;[32mAnd &amp#27;[0m&amp#27;[32ma.y = &amp#27;[0m&amp#27;[32m&amp#27;[1m-4.2&amp#27;[0m                        &amp#27;[90m# praytracer.StepDefinitions.a_y(java.lang.Double)&amp#27;[0m
  &amp#27;[32mAnd &amp#27;[0m&amp#27;[32ma.z = &amp#27;[0m&amp#27;[32m&amp#27;[1m3.1&amp#27;[0m                         &amp#27;[90m# praytracer.StepDefinitions.a_z(java.lang.Double)&amp#27;[0m
  &amp#27;[32mAnd &amp#27;[0m&amp#27;[32ma.w = &amp#27;[0m&amp#27;[32m&amp#27;[1m1.0&amp#27;[0m                         &amp#27;[90m# praytracer.StepDefinitions.a_w(java.lang.Double)&amp#27;[0m
  &amp#27;[32mAnd &amp#27;[0m&amp#27;[32ma is a point&amp#27;[0m                      &amp#27;[90m# praytracer.StepDefinitions.a_is_a_point()&amp#27;[0m
  &amp#27;[32mAnd &amp#27;[0m&amp#27;[32ma is not a vector&amp#27;[0m                 &amp#27;[90m# praytracer.StepDefinitions.a_is_not_a_vector()&amp#27;[0m
]]></system-out>
  </testcase>
  <testcase name="Tuples, Vectors, and Points - A tuple with w=0 is a vector" classname="Tuples, Vectors, and Points" time="0.023">
    <system-out><![CDATA[
Scenario: A tuple with w=0 is a vector &amp#27;[90m# praytracer/tuples.feature:12&amp#27;[0m
  &amp#27;[32mGiven &amp#27;[0m&amp#27;[32ma ← tuple(&amp#27;[0m&amp#27;[32m&amp#27;[1m4.3&amp#27;[0m&amp#27;[32m, &amp#27;[0m&amp#27;[32m&amp#27;[1m-4.2&amp#27;[0m&amp#27;[32m, &amp#27;[0m&amp#27;[32m&amp#27;[1m3.1&amp#27;[0m&amp#27;[32m, &amp#27;[0m&amp#27;[32m&amp#27;[1m0.0&amp#27;[0m&amp#27;[32m)&amp#27;[0m &amp#27;[90m# praytracer.StepDefinitions.a_tuple(java.lang.Double,java.lang.Double,java.lang.Double,java.lang.Double)&amp#27;[0m
  &amp#27;[32mThen &amp#27;[0m&amp#27;[32ma.x = &amp#27;[0m&amp#27;[32m&amp#27;[1m4.3&amp#27;[0m                       &amp#27;[90m# praytracer.StepDefinitions.a_x(java.lang.Double)&amp#27;[0m
  &amp#27;[32mAnd &amp#27;[0m&amp#27;[32ma.y = &amp#27;[0m&amp#27;[32m&amp#27;[1m-4.2&amp#27;[0m                       &amp#27;[90m# praytracer.StepDefinitions.a_y(java.lang.Double)&amp#27;[0m
  &amp#27;[32mAnd &amp#27;[0m&amp#27;[32ma.z = &amp#27;[0m&amp#27;[32m&amp#27;[1m3.1&amp#27;[0m                        &amp#27;[90m# praytracer.StepDefinitions.a_z(java.lang.Double)&amp#27;[0m
  &amp#27;[32mAnd &amp#27;[0m&amp#27;[32ma.w = &amp#27;[0m&amp#27;[32m&amp#27;[1m0.0&amp#27;[0m                        &amp#27;[90m# praytracer.StepDefinitions.a_w(java.lang.Double)&amp#27;[0m
  &amp#27;[32mAnd &amp#27;[0m&amp#27;[32ma is not a point&amp#27;[0m                 &amp#27;[90m# praytracer.StepDefinitions.a_is_not_a_point()&amp#27;[0m
  &amp#27;[32mAnd &amp#27;[0m&amp#27;[32ma is a vector&amp#27;[0m                    &amp#27;[90m# praytracer.StepDefinitions.a_is_a_vector()&amp#27;[0m
]]></system-out>
  </testcase>
  <testcase name="Tuples, Vectors, and Points - point() creates tuples with w=1" classname="Tuples, Vectors, and Points" time="0.019">
    <system-out><![CDATA[
Scenario: point() creates tuples with w=1 &amp#27;[90m# praytracer/tuples.feature:21&amp#27;[0m
  &amp#27;[32mGiven &amp#27;[0m&amp#27;[32mp ← point(&amp#27;[0m&amp#27;[32m&amp#27;[1m4&amp#27;[0m&amp#27;[32m, &amp#27;[0m&amp#27;[32m&amp#27;[1m-4&amp#27;[0m&amp#27;[32m, &amp#27;[0m&amp#27;[32m&amp#27;[1m3&amp#27;[0m&amp#27;[32m)&amp#27;[0m               &amp#27;[90m# praytracer.StepDefinitions.p_point(java.lang.Integer,java.lang.Integer,java.lang.Integer)&amp#27;[0m
  &amp#27;[32mThen &amp#27;[0m&amp#27;[32mp = tuple(&amp#27;[0m&amp#27;[32m&amp#27;[1m4&amp#27;[0m&amp#27;[32m, &amp#27;[0m&amp#27;[32m&amp#27;[1m-4&amp#27;[0m&amp#27;[32m, &amp#27;[0m&amp#27;[32m&amp#27;[1m3&amp#27;[0m&amp#27;[32m, &amp#27;[0m&amp#27;[32m&amp#27;[1m1&amp#27;[0m&amp#27;[32m)&amp#27;[0m             &amp#27;[90m# praytracer.StepDefinitions.p_tuple(java.lang.Integer,java.lang.Integer,java.lang.Integer,java.lang.Integer)&amp#27;[0m
]]></system-out>
  </testcase>
  <testcase name="Tuples, Vectors, and Points - vector() creates tuples with w=0" classname="Tuples, Vectors, and Points" time="0.013">
    <system-out><![CDATA[
Scenario: vector() creates tuples with w=0 &amp#27;[90m# praytracer/tuples.feature:25&amp#27;[0m
  &amp#27;[32mGiven &amp#27;[0m&amp#27;[32mv ← vector(&amp#27;[0m&amp#27;[32m&amp#27;[1m4&amp#27;[0m&amp#27;[32m, &amp#27;[0m&amp#27;[32m&amp#27;[1m-4&amp#27;[0m&amp#27;[32m, &amp#27;[0m&amp#27;[32m&amp#27;[1m3&amp#27;[0m&amp#27;[32m)&amp#27;[0m               &amp#27;[90m# praytracer.StepDefinitions.v_vector(java.lang.Integer,java.lang.Integer,java.lang.Integer)&amp#27;[0m
  &amp#27;[32mThen &amp#27;[0m&amp#27;[32mv = tuple(&amp#27;[0m&amp#27;[32m&amp#27;[1m4&amp#27;[0m&amp#27;[32m, &amp#27;[0m&amp#27;[32m&amp#27;[1m-4&amp#27;[0m&amp#27;[32m, &amp#27;[0m&amp#27;[32m&amp#27;[1m3&amp#27;[0m&amp#27;[32m, &amp#27;[0m&amp#27;[32m&amp#27;[1m0&amp#27;[0m&amp#27;[32m)&amp#27;[0m              &amp#27;[90m# praytracer.StepDefinitions.v_tuple(java.lang.Integer,java.lang.Integer,java.lang.Integer,java.lang.Integer)&amp#27;[0m
]]></system-out>
  </testcase>
  <testcase name="Tuples, Vectors, and Points - Adding two tuples" classname="Tuples, Vectors, and Points" time="0.015">
    <system-out><![CDATA[
Scenario: Adding two tuples        &amp#27;[90m# praytracer/tuples.feature:29&amp#27;[0m
  &amp#27;[32mGiven &amp#27;[0m&amp#27;[32ma1 ← tuple(&amp#27;[0m&amp#27;[32m&amp#27;[1m3&amp#27;[0m&amp#27;[32m, &amp#27;[0m&amp#27;[32m&amp#27;[1m-2&amp#27;[0m&amp#27;[32m, &amp#27;[0m&amp#27;[32m&amp#27;[1m5&amp#27;[0m&amp#27;[32m, &amp#27;[0m&amp#27;[32m&amp#27;[1m1&amp#27;[0m&amp#27;[32m)&amp#27;[0m    &amp#27;[90m# praytracer.StepDefinitions.a1_tuple(java.lang.Integer,java.lang.Integer,java.lang.Integer,java.lang.Integer)&amp#27;[0m
  &amp#27;[32mAnd &amp#27;[0m&amp#27;[32ma2 ← tuple(&amp#27;[0m&amp#27;[32m&amp#27;[1m-2&amp#27;[0m&amp#27;[32m, &amp#27;[0m&amp#27;[32m&amp#27;[1m3&amp#27;[0m&amp#27;[32m, &amp#27;[0m&amp#27;[32m&amp#27;[1m1&amp#27;[0m&amp#27;[32m, &amp#27;[0m&amp#27;[32m&amp#27;[1m0&amp#27;[0m&amp#27;[32m)&amp#27;[0m      &amp#27;[90m# praytracer.StepDefinitions.a2_tuple(java.lang.Integer,java.lang.Integer,java.lang.Integer,java.lang.Integer)&amp#27;[0m
  &amp#27;[32mThen &amp#27;[0m&amp#27;[32ma1 + a2 = tuple(&amp#27;[0m&amp#27;[32m&amp#27;[1m1&amp#27;[0m&amp#27;[32m, &amp#27;[0m&amp#27;[32m&amp#27;[1m1&amp#27;[0m&amp#27;[32m, &amp#27;[0m&amp#27;[32m&amp#27;[1m6&amp#27;[0m&amp#27;[32m, &amp#27;[0m&amp#27;[32m&amp#27;[1m1&amp#27;[0m&amp#27;[32m)&amp#27;[0m &amp#27;[90m# praytracer.StepDefinitions.a1_plus_a2_tuple(java.lang.Integer,java.lang.Integer,java.lang.Integer,java.lang.Integer)&amp#27;[0m
]]></system-out>
  </testcase>
  <testcase name="Tuples, Vectors, and Points - Subtracting two points" classname="Tuples, Vectors, and Points" time="0.014">
    <system-out><![CDATA[
Scenario: Subtracting two points    &amp#27;[90m# praytracer/tuples.feature:34&amp#27;[0m
  &amp#27;[32mGiven &amp#27;[0m&amp#27;[32mp1 ← point(&amp#27;[0m&amp#27;[32m&amp#27;[1m3&amp#27;[0m&amp#27;[32m, &amp#27;[0m&amp#27;[32m&amp#27;[1m2&amp#27;[0m&amp#27;[32m, &amp#27;[0m&amp#27;[32m&amp#27;[1m1&amp#27;[0m&amp#27;[32m)&amp#27;[0m         &amp#27;[90m# praytracer.StepDefinitions.p1_point(java.lang.Integer,java.lang.Integer,java.lang.Integer)&amp#27;[0m
  &amp#27;[32mAnd &amp#27;[0m&amp#27;[32mp2 ← point(&amp#27;[0m&amp#27;[32m&amp#27;[1m5&amp#27;[0m&amp#27;[32m, &amp#27;[0m&amp#27;[32m&amp#27;[1m6&amp#27;[0m&amp#27;[32m, &amp#27;[0m&amp#27;[32m&amp#27;[1m7&amp#27;[0m&amp#27;[32m)&amp#27;[0m           &amp#27;[90m# praytracer.StepDefinitions.p2_point(java.lang.Integer,java.lang.Integer,java.lang.Integer)&amp#27;[0m
  &amp#27;[32mThen &amp#27;[0m&amp#27;[32mp1 - p2 = vector(&amp#27;[0m&amp#27;[32m&amp#27;[1m-2&amp#27;[0m&amp#27;[32m, &amp#27;[0m&amp#27;[32m&amp#27;[1m-4&amp#27;[0m&amp#27;[32m, &amp#27;[0m&amp#27;[32m&amp#27;[1m-6&amp#27;[0m&amp#27;[32m)&amp#27;[0m &amp#27;[90m# praytracer.StepDefinitions.p1_sub_p2_vector(java.lang.Integer,java.lang.Integer,java.lang.Integer)&amp#27;[0m
]]></system-out>
  </testcase>
  <testcase name="Tuples, Vectors, and Points - Subtracting a vector from a point" classname="Tuples, Vectors, and Points" time="0.012">
    <system-out><![CDATA[
Scenario: Subtracting a vector from a point &amp#27;[90m# praytracer/tuples.feature:39&amp#27;[0m
  &amp#27;[32mGiven &amp#27;[0m&amp#27;[32mp ← point(&amp#27;[0m&amp#27;[32m&amp#27;[1m3&amp#27;[0m&amp#27;[32m, &amp#27;[0m&amp#27;[32m&amp#27;[1m2&amp#27;[0m&amp#27;[32m, &amp#27;[0m&amp#27;[32m&amp#27;[1m1&amp#27;[0m&amp#27;[32m)&amp#27;[0m                  &amp#27;[90m# praytracer.StepDefinitions.p_point(java.lang.Integer,java.lang.Integer,java.lang.Integer)&amp#27;[0m
  &amp#27;[32mAnd &amp#27;[0m&amp#27;[32mv ← vector(&amp#27;[0m&amp#27;[32m&amp#27;[1m5&amp#27;[0m&amp#27;[32m, &amp#27;[0m&amp#27;[32m&amp#27;[1m6&amp#27;[0m&amp#27;[32m, &amp#27;[0m&amp#27;[32m&amp#27;[1m7&amp#27;[0m&amp#27;[32m)&amp#27;[0m                   &amp#27;[90m# praytracer.StepDefinitions.v_vector(java.lang.Integer,java.lang.Integer,java.lang.Integer)&amp#27;[0m
  &amp#27;[32mThen &amp#27;[0m&amp#27;[32mp - v = point(&amp#27;[0m&amp#27;[32m&amp#27;[1m-2&amp#27;[0m&amp#27;[32m, &amp#27;[0m&amp#27;[32m&amp#27;[1m-4&amp#27;[0m&amp#27;[32m, &amp#27;[0m&amp#27;[32m&amp#27;[1m-6&amp#27;[0m&amp#27;[32m)&amp#27;[0m            &amp#27;[90m# praytracer.StepDefinitions.p_sub_v_point(java.lang.Integer,java.lang.Integer,java.lang.Integer)&amp#27;[0m
]]></system-out>
  </testcase>
  <testcase name="Tuples, Vectors, and Points - Subtracting two vectors" classname="Tuples, Vectors, and Points" time="0.008">
    <system-out><![CDATA[
Scenario: Subtracting two vectors   &amp#27;[90m# praytracer/tuples.feature:44&amp#27;[0m
  &amp#27;[32mGiven &amp#27;[0m&amp#27;[32mv1 ← vector(&amp#27;[0m&amp#27;[32m&amp#27;[1m3&amp#27;[0m&amp#27;[32m, &amp#27;[0m&amp#27;[32m&amp#27;[1m2&amp#27;[0m&amp#27;[32m, &amp#27;[0m&amp#27;[32m&amp#27;[1m1&amp#27;[0m&amp#27;[32m)&amp#27;[0m        &amp#27;[90m# praytracer.StepDefinitions.v1_vector(java.lang.Integer,java.lang.Integer,java.lang.Integer)&amp#27;[0m
  &amp#27;[32mAnd &amp#27;[0m&amp#27;[32mv2 ← vector(&amp#27;[0m&amp#27;[32m&amp#27;[1m5&amp#27;[0m&amp#27;[32m, &amp#27;[0m&amp#27;[32m&amp#27;[1m6&amp#27;[0m&amp#27;[32m, &amp#27;[0m&amp#27;[32m&amp#27;[1m7&amp#27;[0m&amp#27;[32m)&amp#27;[0m          &amp#27;[90m# praytracer.StepDefinitions.v2_vector(java.lang.Integer,java.lang.Integer,java.lang.Integer)&amp#27;[0m
  &amp#27;[32mThen &amp#27;[0m&amp#27;[32mv1 - v2 = vector(&amp#27;[0m&amp#27;[32m&amp#27;[1m-2&amp#27;[0m&amp#27;[32m, &amp#27;[0m&amp#27;[32m&amp#27;[1m-4&amp#27;[0m&amp#27;[32m, &amp#27;[0m&amp#27;[32m&amp#27;[1m-6&amp#27;[0m&amp#27;[32m)&amp#27;[0m &amp#27;[90m# praytracer.StepDefinitions.v1_sub_v2_vector(java.lang.Integer,java.lang.Integer,java.lang.Integer)&amp#27;[0m
]]></system-out>
  </testcase>
  <testcase name="Tuples, Vectors, and Points - Subtracting a vector from the zero vector" classname="Tuples, Vectors, and Points" time="0.015">
    <system-out><![CDATA[
Scenario: Subtracting a vector from the zero vector &amp#27;[90m# praytracer/tuples.feature:49&amp#27;[0m
  &amp#27;[32mGiven &amp#27;[0m&amp#27;[32mzero ← vector(&amp#27;[0m&amp#27;[32m&amp#27;[1m0&amp#27;[0m&amp#27;[32m, &amp#27;[0m&amp#27;[32m&amp#27;[1m0&amp#27;[0m&amp#27;[32m, &amp#27;[0m&amp#27;[32m&amp#27;[1m0&amp#27;[0m&amp#27;[32m)&amp#27;[0m                      &amp#27;[90m# praytracer.StepDefinitions.zero_vector(java.lang.Integer,java.lang.Integer,java.lang.Integer)&amp#27;[0m
  &amp#27;[32mAnd &amp#27;[0m&amp#27;[32mv ← vector(&amp#27;[0m&amp#27;[32m&amp#27;[1m1&amp#27;[0m&amp#27;[32m, &amp#27;[0m&amp#27;[32m&amp#27;[1m-2&amp#27;[0m&amp#27;[32m, &amp#27;[0m&amp#27;[32m&amp#27;[1m3&amp#27;[0m&amp#27;[32m)&amp#27;[0m                          &amp#27;[90m# praytracer.StepDefinitions.v_vector(java.lang.Integer,java.lang.Integer,java.lang.Integer)&amp#27;[0m
  &amp#27;[32mThen &amp#27;[0m&amp#27;[32mzero - v = vector(&amp#27;[0m&amp#27;[32m&amp#27;[1m-1&amp#27;[0m&amp#27;[32m, &amp#27;[0m&amp#27;[32m&amp#27;[1m2&amp#27;[0m&amp#27;[32m, &amp#27;[0m&amp#27;[32m&amp#27;[1m-3&amp#27;[0m&amp#27;[32m)&amp#27;[0m                 &amp#27;[90m# praytracer.StepDefinitions.zero_sub_v_vector(java.lang.Integer,java.lang.Integer,java.lang.Integer)&amp#27;[0m
]]></system-out>
  </testcase>
  <testcase name="Tuples, Vectors, and Points - Negating a tuple" classname="Tuples, Vectors, and Points" time="0.013">
    <system-out><![CDATA[
Scenario: Negating a tuple      &amp#27;[90m# praytracer/tuples.feature:54&amp#27;[0m
  &amp#27;[32mGiven &amp#27;[0m&amp#27;[32ma ← tuple(&amp#27;[0m&amp#27;[32m&amp#27;[1m1&amp#27;[0m&amp#27;[32m, &amp#27;[0m&amp#27;[32m&amp#27;[1m-2&amp#27;[0m&amp#27;[32m, &amp#27;[0m&amp#27;[32m&amp#27;[1m3&amp#27;[0m&amp#27;[32m, &amp#27;[0m&amp#27;[32m&amp#27;[1m-4&amp#27;[0m&amp#27;[32m)&amp#27;[0m &amp#27;[90m# praytracer.StepDefinitions.a_tuple(java.lang.Double,java.lang.Double,java.lang.Double,java.lang.Double)&amp#27;[0m
  &amp#27;[32mThen &amp#27;[0m&amp#27;[32m-a = tuple(&amp#27;[0m&amp#27;[32m&amp#27;[1m-1&amp#27;[0m&amp#27;[32m, &amp#27;[0m&amp#27;[32m&amp#27;[1m2&amp#27;[0m&amp#27;[32m, &amp#27;[0m&amp#27;[32m&amp#27;[1m-3&amp#27;[0m&amp#27;[32m, &amp#27;[0m&amp#27;[32m&amp#27;[1m4&amp#27;[0m&amp#27;[32m)&amp#27;[0m &amp#27;[90m# praytracer.StepDefinitions.a_tuple(java.lang.Integer,java.lang.Integer,java.lang.Integer,java.lang.Integer)&amp#27;[0m
]]></system-out>
  </testcase>
  <testcase name="Tuples, Vectors, and Points - Multiplying a tuple by a scalar" classname="Tuples, Vectors, and Points" time="0.014">
    <system-out><![CDATA[
Scenario: Multiplying a tuple by a scalar  &amp#27;[90m# praytracer/tuples.feature:58&amp#27;[0m
  &amp#27;[32mGiven &amp#27;[0m&amp#27;[32ma ← tuple(&amp#27;[0m&amp#27;[32m&amp#27;[1m1&amp#27;[0m&amp#27;[32m, &amp#27;[0m&amp#27;[32m&amp#27;[1m-2&amp#27;[0m&amp#27;[32m, &amp#27;[0m&amp#27;[32m&amp#27;[1m3&amp#27;[0m&amp#27;[32m, &amp#27;[0m&amp#27;[32m&amp#27;[1m-4&amp#27;[0m&amp#27;[32m)&amp#27;[0m            &amp#27;[90m# praytracer.StepDefinitions.a_tuple(java.lang.Double,java.lang.Double,java.lang.Double,java.lang.Double)&amp#27;[0m
  &amp#27;[32mThen &amp#27;[0m&amp#27;[32ma * &amp#27;[0m&amp#27;[32m&amp#27;[1m3.5&amp#27;[0m&amp#27;[32m = tuple(&amp#27;[0m&amp#27;[32m&amp#27;[1m3.5&amp#27;[0m&amp#27;[32m, &amp#27;[0m&amp#27;[32m&amp#27;[1m-7&amp#27;[0m&amp#27;[32m, &amp#27;[0m&amp#27;[32m&amp#27;[1m10.5&amp#27;[0m&amp#27;[32m, &amp#27;[0m&amp#27;[32m&amp#27;[1m-14&amp#27;[0m&amp#27;[32m)&amp#27;[0m &amp#27;[90m# praytracer.StepDefinitions.a_mul_tuple(java.lang.Double,java.lang.Double,java.lang.Double,java.lang.Double,java.lang.Double)&amp#27;[0m
]]></system-out>
  </testcase>
  <testcase name="Tuples, Vectors, and Points - Multiplying a tuple by a fraction" classname="Tuples, Vectors, and Points" time="0.007">
    <system-out><![CDATA[
Scenario: Multiplying a tuple by a fraction &amp#27;[90m# praytracer/tuples.feature:62&amp#27;[0m
  &amp#27;[32mGiven &amp#27;[0m&amp#27;[32ma ← tuple(&amp#27;[0m&amp#27;[32m&amp#27;[1m1&amp#27;[0m&amp#27;[32m, &amp#27;[0m&amp#27;[32m&amp#27;[1m-2&amp#27;[0m&amp#27;[32m, &amp#27;[0m&amp#27;[32m&amp#27;[1m3&amp#27;[0m&amp#27;[32m, &amp#27;[0m&amp#27;[32m&amp#27;[1m-4&amp#27;[0m&amp#27;[32m)&amp#27;[0m             &amp#27;[90m# praytracer.StepDefinitions.a_tuple(java.lang.Double,java.lang.Double,java.lang.Double,java.lang.Double)&amp#27;[0m
  &amp#27;[32mThen &amp#27;[0m&amp#27;[32ma * &amp#27;[0m&amp#27;[32m&amp#27;[1m0.5&amp#27;[0m&amp#27;[32m = tuple(&amp#27;[0m&amp#27;[32m&amp#27;[1m0.5&amp#27;[0m&amp#27;[32m, &amp#27;[0m&amp#27;[32m&amp#27;[1m-1&amp#27;[0m&amp#27;[32m, &amp#27;[0m&amp#27;[32m&amp#27;[1m1.5&amp#27;[0m&amp#27;[32m, &amp#27;[0m&amp#27;[32m&amp#27;[1m-2&amp#27;[0m&amp#27;[32m)&amp#27;[0m    &amp#27;[90m# praytracer.StepDefinitions.a_mul_tuple(java.lang.Double,java.lang.Double,java.lang.Double,java.lang.Double,java.lang.Double)&amp#27;[0m
]]></system-out>
  </testcase>
  <testcase name="Tuples, Vectors, and Points - Dividing a tuple by a scalar" classname="Tuples, Vectors, and Points" time="0.008">
    <system-out><![CDATA[
Scenario: Dividing a tuple by a scalar &amp#27;[90m# praytracer/tuples.feature:66&amp#27;[0m
  &amp#27;[32mGiven &amp#27;[0m&amp#27;[32ma ← tuple(&amp#27;[0m&amp#27;[32m&amp#27;[1m1&amp#27;[0m&amp#27;[32m, &amp#27;[0m&amp#27;[32m&amp#27;[1m-2&amp#27;[0m&amp#27;[32m, &amp#27;[0m&amp#27;[32m&amp#27;[1m3&amp#27;[0m&amp#27;[32m, &amp#27;[0m&amp#27;[32m&amp#27;[1m-4&amp#27;[0m&amp#27;[32m)&amp#27;[0m        &amp#27;[90m# praytracer.StepDefinitions.a_tuple(java.lang.Double,java.lang.Double,java.lang.Double,java.lang.Double)&amp#27;[0m
  &amp#27;[32mThen &amp#27;[0m&amp#27;[32ma / &amp#27;[0m&amp#27;[32m&amp#27;[1m2&amp#27;[0m&amp#27;[32m = tuple(&amp#27;[0m&amp#27;[32m&amp#27;[1m0.5&amp#27;[0m&amp#27;[32m, &amp#27;[0m&amp#27;[32m&amp#27;[1m-1&amp#27;[0m&amp#27;[32m, &amp#27;[0m&amp#27;[32m&amp#27;[1m1.5&amp#27;[0m&amp#27;[32m, &amp#27;[0m&amp#27;[32m&amp#27;[1m-2&amp#27;[0m&amp#27;[32m)&amp#27;[0m &amp#27;[90m# praytracer.StepDefinitions.a_div_tuple(java.lang.Double,java.lang.Double,java.lang.Double,java.lang.Double,java.lang.Double)&amp#27;[0m
]]></system-out>
  </testcase>
  <testcase name="Tuples, Vectors, and Points - Computing the magnitude of vector(1, 0, 0)" classname="Tuples, Vectors, and Points" time="0.015">
    <system-out><![CDATA[
Scenario: Computing the magnitude of vector(1, 0, 0) &amp#27;[90m# praytracer/tuples.feature:70&amp#27;[0m
  &amp#27;[32mGiven &amp#27;[0m&amp#27;[32mv ← vector(&amp#27;[0m&amp#27;[32m&amp#27;[1m1&amp#27;[0m&amp#27;[32m, &amp#27;[0m&amp#27;[32m&amp#27;[1m0&amp#27;[0m&amp#27;[32m, &amp#27;[0m&amp#27;[32m&amp#27;[1m0&amp#27;[0m&amp#27;[32m)&amp#27;[0m                          &amp#27;[90m# praytracer.StepDefinitions.v_vector(java.lang.Integer,java.lang.Integer,java.lang.Integer)&amp#27;[0m
  &amp#27;[32mThen &amp#27;[0m&amp#27;[32mmagnitude(v) = &amp#27;[0m&amp#27;[32m&amp#27;[1m1&amp#27;[0m                              &amp#27;[90m# praytracer.StepDefinitions.magnitude_v(java.lang.Integer)&amp#27;[0m
]]></system-out>
  </testcase>
  <testcase name="Tuples, Vectors, and Points - Computing the magnitude of vector(0, 1, 0)" classname="Tuples, Vectors, and Points" time="0.007">
    <system-out><![CDATA[
Scenario: Computing the magnitude of vector(0, 1, 0) &amp#27;[90m# praytracer/tuples.feature:74&amp#27;[0m
  &amp#27;[32mGiven &amp#27;[0m&amp#27;[32mv ← vector(&amp#27;[0m&amp#27;[32m&amp#27;[1m0&amp#27;[0m&amp#27;[32m, &amp#27;[0m&amp#27;[32m&amp#27;[1m1&amp#27;[0m&amp#27;[32m, &amp#27;[0m&amp#27;[32m&amp#27;[1m0&amp#27;[0m&amp#27;[32m)&amp#27;[0m                          &amp#27;[90m# praytracer.StepDefinitions.v_vector(java.lang.Integer,java.lang.Integer,java.lang.Integer)&amp#27;[0m
  &amp#27;[32mThen &amp#27;[0m&amp#27;[32mmagnitude(v) = &amp#27;[0m&amp#27;[32m&amp#27;[1m1&amp#27;[0m                              &amp#27;[90m# praytracer.StepDefinitions.magnitude_v(java.lang.Integer)&amp#27;[0m
]]></system-out>
  </testcase>
  <testcase name="Tuples, Vectors, and Points - Computing the magnitude of vector(0, 0, 1)" classname="Tuples, Vectors, and Points" time="0.007">
    <system-out><![CDATA[
Scenario: Computing the magnitude of vector(0, 0, 1) &amp#27;[90m# praytracer/tuples.feature:78&amp#27;[0m
  &amp#27;[32mGiven &amp#27;[0m&amp#27;[32mv ← vector(&amp#27;[0m&amp#27;[32m&amp#27;[1m0&amp#27;[0m&amp#27;[32m, &amp#27;[0m&amp#27;[32m&amp#27;[1m0&amp#27;[0m&amp#27;[32m, &amp#27;[0m&amp#27;[32m&amp#27;[1m1&amp#27;[0m&amp#27;[32m)&amp#27;[0m                          &amp#27;[90m# praytracer.StepDefinitions.v_vector(java.lang.Integer,java.lang.Integer,java.lang.Integer)&amp#27;[0m
  &amp#27;[32mThen &amp#27;[0m&amp#27;[32mmagnitude(v) = &amp#27;[0m&amp#27;[32m&amp#27;[1m1&amp#27;[0m                              &amp#27;[90m# praytracer.StepDefinitions.magnitude_v(java.lang.Integer)&amp#27;[0m
]]></system-out>
  </testcase>
  <testcase name="Tuples, Vectors, and Points - Computing the magnitude of vector(1, 2, 3)" classname="Tuples, Vectors, and Points" time="0.005">
    <system-out><![CDATA[
Scenario: Computing the magnitude of vector(1, 2, 3) &amp#27;[90m# praytracer/tuples.feature:82&amp#27;[0m
  &amp#27;[32mGiven &amp#27;[0m&amp#27;[32mv ← vector(&amp#27;[0m&amp#27;[32m&amp#27;[1m1&amp#27;[0m&amp#27;[32m, &amp#27;[0m&amp#27;[32m&amp#27;[1m2&amp#27;[0m&amp#27;[32m, &amp#27;[0m&amp#27;[32m&amp#27;[1m3&amp#27;[0m&amp#27;[32m)&amp#27;[0m                          &amp#27;[90m# praytracer.StepDefinitions.v_vector(java.lang.Integer,java.lang.Integer,java.lang.Integer)&amp#27;[0m
  &amp#27;[32mThen &amp#27;[0m&amp#27;[32mmagnitude(v) = √&amp#27;[0m&amp#27;[32m&amp#27;[1m14&amp#27;[0m                            &amp#27;[90m# praytracer.StepDefinitions.magnitude_sqrt_v(java.lang.Integer)&amp#27;[0m
]]></system-out>
  </testcase>
  <testcase name="Tuples, Vectors, and Points - Computing the magnitude of vector(-1, -2, -3)" classname="Tuples, Vectors, and Points" time="0.006">
    <system-out><![CDATA[
Scenario: Computing the magnitude of vector(-1, -2, -3) &amp#27;[90m# praytracer/tuples.feature:86&amp#27;[0m
  &amp#27;[32mGiven &amp#27;[0m&amp#27;[32mv ← vector(&amp#27;[0m&amp#27;[32m&amp#27;[1m-1&amp#27;[0m&amp#27;[32m, &amp#27;[0m&amp#27;[32m&amp#27;[1m-2&amp#27;[0m&amp#27;[32m, &amp#27;[0m&amp#27;[32m&amp#27;[1m-3&amp#27;[0m&amp#27;[32m)&amp#27;[0m                          &amp#27;[90m# praytracer.StepDefinitions.v_vector(java.lang.Integer,java.lang.Integer,java.lang.Integer)&amp#27;[0m
  &amp#27;[32mThen &amp#27;[0m&amp#27;[32mmagnitude(v) = √&amp#27;[0m&amp#27;[32m&amp#27;[1m14&amp#27;[0m                               &amp#27;[90m# praytracer.StepDefinitions.magnitude_sqrt_v(java.lang.Integer)&amp#27;[0m
]]></system-out>
  </testcase>
  <testcase name="Tuples, Vectors, and Points - Normalizing vector(4, 0, 0) gives (1, 0, 0)" classname="Tuples, Vectors, and Points" time="0.006">
    <system-out><![CDATA[
Scenario: Normalizing vector(4, 0, 0) gives (1, 0, 0) &amp#27;[90m# praytracer/tuples.feature:90&amp#27;[0m
  &amp#27;[32mGiven &amp#27;[0m&amp#27;[32mv ← vector(&amp#27;[0m&amp#27;[32m&amp#27;[1m4&amp#27;[0m&amp#27;[32m, &amp#27;[0m&amp#27;[32m&amp#27;[1m0&amp#27;[0m&amp#27;[32m, &amp#27;[0m&amp#27;[32m&amp#27;[1m0&amp#27;[0m&amp#27;[32m)&amp#27;[0m                           &amp#27;[90m# praytracer.StepDefinitions.v_vector(java.lang.Integer,java.lang.Integer,java.lang.Integer)&amp#27;[0m
  &amp#27;[32mThen &amp#27;[0m&amp#27;[32mnormalize(v) = vector(&amp#27;[0m&amp#27;[32m&amp#27;[1m1&amp#27;[0m&amp#27;[32m, &amp#27;[0m&amp#27;[32m&amp#27;[1m0&amp#27;[0m&amp#27;[32m, &amp#27;[0m&amp#27;[32m&amp#27;[1m0&amp#27;[0m&amp#27;[32m)&amp#27;[0m                 &amp#27;[90m# praytracer.StepDefinitions.normalize_v_vector(java.lang.Integer,java.lang.Integer,java.lang.Integer)&amp#27;[0m
]]></system-out>
  </testcase>
  <testcase name="Tuples, Vectors, and Points - Normalizing vector(1, 2, 3)" classname="Tuples, Vectors, and Points" time="0.006">
    <system-out><![CDATA[
Scenario: Normalizing vector(1, 2, 3)                                 &amp#27;[90m# praytracer/tuples.feature:94&amp#27;[0m
  &amp#27;[32mGiven &amp#27;[0m&amp#27;[32mv ← vector(&amp#27;[0m&amp#27;[32m&amp#27;[1m1&amp#27;[0m&amp#27;[32m, &amp#27;[0m&amp#27;[32m&amp#27;[1m2&amp#27;[0m&amp#27;[32m, &amp#27;[0m&amp#27;[32m&amp#27;[1m3&amp#27;[0m&amp#27;[32m)&amp#27;[0m                                           &amp#27;[90m# praytracer.StepDefinitions.v_vector(java.lang.Integer,java.lang.Integer,java.lang.Integer)&amp#27;[0m
  &amp#27;[32mThen &amp#27;[0m&amp#27;[32mnormalize(v) = approximately vector(&amp#27;[0m&amp#27;[32m&amp#27;[1m0.26726&amp#27;[0m&amp#27;[32m, &amp#27;[0m&amp#27;[32m&amp#27;[1m0.53452&amp#27;[0m&amp#27;[32m, &amp#27;[0m&amp#27;[32m&amp#27;[1m0.80178&amp#27;[0m&amp#27;[32m)&amp#27;[0m &amp#27;[90m# praytracer.StepDefinitions.normalize_v_approximately_vector(java.lang.Double,java.lang.Double,java.lang.Double)&amp#27;[0m
]]></system-out>
  </testcase>
  <testcase name="Tuples, Vectors, and Points - The magnitude of a normalized vector" classname="Tuples, Vectors, and Points" time="0.01">
    <system-out><![CDATA[
Scenario: The magnitude of a normalized vector &amp#27;[90m# praytracer/tuples.feature:99&amp#27;[0m
  &amp#27;[32mGiven &amp#27;[0m&amp#27;[32mv ← vector(&amp#27;[0m&amp#27;[32m&amp#27;[1m1&amp#27;[0m&amp#27;[32m, &amp#27;[0m&amp#27;[32m&amp#27;[1m2&amp#27;[0m&amp#27;[32m, &amp#27;[0m&amp#27;[32m&amp#27;[1m3&amp#27;[0m&amp#27;[32m)&amp#27;[0m                    &amp#27;[90m# praytracer.StepDefinitions.v_vector(java.lang.Integer,java.lang.Integer,java.lang.Integer)&amp#27;[0m
  &amp#27;[32mWhen &amp#27;[0m&amp#27;[32mnorm ← normalize(v)&amp#27;[0m                     &amp#27;[90m# praytracer.StepDefinitions.norm_normalize_v()&amp#27;[0m
  &amp#27;[32mThen &amp#27;[0m&amp#27;[32mmagnitude(norm) = &amp#27;[0m&amp#27;[32m&amp#27;[1m1&amp#27;[0m                     &amp#27;[90m# praytracer.StepDefinitions.magnitude_norm(java.lang.Integer)&amp#27;[0m
]]></system-out>
  </testcase>
  <testcase name="Tuples, Vectors, and Points - The dot product of two tuples" classname="Tuples, Vectors, and Points" time="0.007">
    <system-out><![CDATA[
Scenario: The dot product of two tuples &amp#27;[90m# praytracer/tuples.feature:104&amp#27;[0m
  &amp#27;[32mGiven &amp#27;[0m&amp#27;[32ma ← vector(&amp#27;[0m&amp#27;[32m&amp#27;[1m1&amp#27;[0m&amp#27;[32m, &amp#27;[0m&amp#27;[32m&amp#27;[1m2&amp#27;[0m&amp#27;[32m, &amp#27;[0m&amp#27;[32m&amp#27;[1m3&amp#27;[0m&amp#27;[32m)&amp#27;[0m             &amp#27;[90m# praytracer.StepDefinitions.a_vector(java.lang.Integer,java.lang.Integer,java.lang.Integer)&amp#27;[0m
  &amp#27;[32mAnd &amp#27;[0m&amp#27;[32mb ← vector(&amp#27;[0m&amp#27;[32m&amp#27;[1m2&amp#27;[0m&amp#27;[32m, &amp#27;[0m&amp#27;[32m&amp#27;[1m3&amp#27;[0m&amp#27;[32m, &amp#27;[0m&amp#27;[32m&amp#27;[1m4&amp#27;[0m&amp#27;[32m)&amp#27;[0m               &amp#27;[90m# praytracer.StepDefinitions.b_vector(java.lang.Integer,java.lang.Integer,java.lang.Integer)&amp#27;[0m
  &amp#27;[32mThen &amp#27;[0m&amp#27;[32mdot(a, b) = &amp#27;[0m&amp#27;[32m&amp#27;[1m20&amp#27;[0m                   &amp#27;[90m# praytracer.StepDefinitions.dot_a_b(java.lang.Integer)&amp#27;[0m
]]></system-out>
  </testcase>
  <testcase name="Tuples, Vectors, and Points - The cross product of two vectors" classname="Tuples, Vectors, and Points" time="0.007">
    <system-out><![CDATA[
Scenario: The cross product of two vectors &amp#27;[90m# praytracer/tuples.feature:109&amp#27;[0m
  &amp#27;[32mGiven &amp#27;[0m&amp#27;[32ma ← vector(&amp#27;[0m&amp#27;[32m&amp#27;[1m1&amp#27;[0m&amp#27;[32m, &amp#27;[0m&amp#27;[32m&amp#27;[1m2&amp#27;[0m&amp#27;[32m, &amp#27;[0m&amp#27;[32m&amp#27;[1m3&amp#27;[0m&amp#27;[32m)&amp#27;[0m                &amp#27;[90m# praytracer.StepDefinitions.a_vector(java.lang.Integer,java.lang.Integer,java.lang.Integer)&amp#27;[0m
  &amp#27;[32mAnd &amp#27;[0m&amp#27;[32mb ← vector(&amp#27;[0m&amp#27;[32m&amp#27;[1m2&amp#27;[0m&amp#27;[32m, &amp#27;[0m&amp#27;[32m&amp#27;[1m3&amp#27;[0m&amp#27;[32m, &amp#27;[0m&amp#27;[32m&amp#27;[1m4&amp#27;[0m&amp#27;[32m)&amp#27;[0m                  &amp#27;[90m# praytracer.StepDefinitions.b_vector(java.lang.Integer,java.lang.Integer,java.lang.Integer)&amp#27;[0m
  &amp#27;[32mThen &amp#27;[0m&amp#27;[32mcross(a, b) = vector(&amp#27;[0m&amp#27;[32m&amp#27;[1m-1&amp#27;[0m&amp#27;[32m, &amp#27;[0m&amp#27;[32m&amp#27;[1m2&amp#27;[0m&amp#27;[32m, &amp#27;[0m&amp#27;[32m&amp#27;[1m-1&amp#27;[0m&amp#27;[32m)&amp#27;[0m     &amp#27;[90m# praytracer.StepDefinitions.cross_a_b_vector(java.lang.Integer,java.lang.Integer,java.lang.Integer)&amp#27;[0m
  &amp#27;[32mAnd &amp#27;[0m&amp#27;[32mcross(b, a) = vector(&amp#27;[0m&amp#27;[32m&amp#27;[1m1&amp#27;[0m&amp#27;[32m, &amp#27;[0m&amp#27;[32m&amp#27;[1m-2&amp#27;[0m&amp#27;[32m, &amp#27;[0m&amp#27;[32m&amp#27;[1m1&amp#27;[0m&amp#27;[32m)&amp#27;[0m       &amp#27;[90m# praytracer.StepDefinitions.cross_b_a_vector(java.lang.Integer,java.lang.Integer,java.lang.Integer)&amp#27;[0m
]]></system-out>
  </testcase>
  <testcase name="Tuples, Vectors, and Points - Colors are (red, green, blue) tuples" classname="Tuples, Vectors, and Points" time="0.009">
    <system-out><![CDATA[
Scenario: Colors are (red, green, blue) tuples &amp#27;[90m# praytracer/tuples.feature:115&amp#27;[0m
  &amp#27;[32mGiven &amp#27;[0m&amp#27;[32mc ← color(&amp#27;[0m&amp#27;[32m&amp#27;[1m-0.5&amp#27;[0m&amp#27;[32m, &amp#27;[0m&amp#27;[32m&amp#27;[1m0.4&amp#27;[0m&amp#27;[32m, &amp#27;[0m&amp#27;[32m&amp#27;[1m1.7&amp#27;[0m&amp#27;[32m)&amp#27;[0m              &amp#27;[90m# praytracer.StepDefinitions.c_color(java.lang.Double,java.lang.Double,java.lang.Double)&amp#27;[0m
  &amp#27;[32mThen &amp#27;[0m&amp#27;[32mc.red = &amp#27;[0m&amp#27;[32m&amp#27;[1m-0.5&amp#27;[0m                            &amp#27;[90m# praytracer.StepDefinitions.c_red(java.lang.Double)&amp#27;[0m
  &amp#27;[32mAnd &amp#27;[0m&amp#27;[32mc.green = &amp#27;[0m&amp#27;[32m&amp#27;[1m0.4&amp#27;[0m                            &amp#27;[90m# praytracer.StepDefinitions.c_green(java.lang.Double)&amp#27;[0m
  &amp#27;[32mAnd &amp#27;[0m&amp#27;[32mc.blue = &amp#27;[0m&amp#27;[32m&amp#27;[1m1.7&amp#27;[0m                             &amp#27;[90m# praytracer.StepDefinitions.c_blue(java.lang.Double)&amp#27;[0m
]]></system-out>
  </testcase>
  <testcase name="Tuples, Vectors, and Points - Adding colors" classname="Tuples, Vectors, and Points" time="0.01">
    <system-out><![CDATA[
Scenario: Adding colors               &amp#27;[90m# praytracer/tuples.feature:121&amp#27;[0m
  &amp#27;[32mGiven &amp#27;[0m&amp#27;[32mc1 ← color(&amp#27;[0m&amp#27;[32m&amp#27;[1m0.9&amp#27;[0m&amp#27;[32m, &amp#27;[0m&amp#27;[32m&amp#27;[1m0.6&amp#27;[0m&amp#27;[32m, &amp#27;[0m&amp#27;[32m&amp#27;[1m0.75&amp#27;[0m&amp#27;[32m)&amp#27;[0m    &amp#27;[90m# praytracer.StepDefinitions.c1_color(java.lang.Double,java.lang.Double,java.lang.Double)&amp#27;[0m
  &amp#27;[32mAnd &amp#27;[0m&amp#27;[32mc2 ← color(&amp#27;[0m&amp#27;[32m&amp#27;[1m0.7&amp#27;[0m&amp#27;[32m, &amp#27;[0m&amp#27;[32m&amp#27;[1m0.1&amp#27;[0m&amp#27;[32m, &amp#27;[0m&amp#27;[32m&amp#27;[1m0.25&amp#27;[0m&amp#27;[32m)&amp#27;[0m      &amp#27;[90m# praytracer.StepDefinitions.c2_color(java.lang.Double,java.lang.Double,java.lang.Double)&amp#27;[0m
  &amp#27;[32mThen &amp#27;[0m&amp#27;[32mc1 + c2 = color(&amp#27;[0m&amp#27;[32m&amp#27;[1m1.6&amp#27;[0m&amp#27;[32m, &amp#27;[0m&amp#27;[32m&amp#27;[1m0.7&amp#27;[0m&amp#27;[32m, &amp#27;[0m&amp#27;[32m&amp#27;[1m1.0&amp#27;[0m&amp#27;[32m)&amp#27;[0m &amp#27;[90m# praytracer.StepDefinitions.c1_add_c2_color(java.lang.Double,java.lang.Double,java.lang.Double)&amp#27;[0m
]]></system-out>
  </testcase>
  <testcase name="Tuples, Vectors, and Points - Subtracting colors" classname="Tuples, Vectors, and Points" time="0.01">
    <system-out><![CDATA[
Scenario: Subtracting colors          &amp#27;[90m# praytracer/tuples.feature:126&amp#27;[0m
  &amp#27;[32mGiven &amp#27;[0m&amp#27;[32mc1 ← color(&amp#27;[0m&amp#27;[32m&amp#27;[1m0.9&amp#27;[0m&amp#27;[32m, &amp#27;[0m&amp#27;[32m&amp#27;[1m0.6&amp#27;[0m&amp#27;[32m, &amp#27;[0m&amp#27;[32m&amp#27;[1m0.75&amp#27;[0m&amp#27;[32m)&amp#27;[0m    &amp#27;[90m# praytracer.StepDefinitions.c1_color(java.lang.Double,java.lang.Double,java.lang.Double)&amp#27;[0m
  &amp#27;[32mAnd &amp#27;[0m&amp#27;[32mc2 ← color(&amp#27;[0m&amp#27;[32m&amp#27;[1m0.7&amp#27;[0m&amp#27;[32m, &amp#27;[0m&amp#27;[32m&amp#27;[1m0.1&amp#27;[0m&amp#27;[32m, &amp#27;[0m&amp#27;[32m&amp#27;[1m0.25&amp#27;[0m&amp#27;[32m)&amp#27;[0m      &amp#27;[90m# praytracer.StepDefinitions.c2_color(java.lang.Double,java.lang.Double,java.lang.Double)&amp#27;[0m
  &amp#27;[32mThen &amp#27;[0m&amp#27;[32mc1 - c2 = color(&amp#27;[0m&amp#27;[32m&amp#27;[1m0.2&amp#27;[0m&amp#27;[32m, &amp#27;[0m&amp#27;[32m&amp#27;[1m0.5&amp#27;[0m&amp#27;[32m, &amp#27;[0m&amp#27;[32m&amp#27;[1m0.5&amp#27;[0m&amp#27;[32m)&amp#27;[0m &amp#27;[90m# praytracer.StepDefinitions.c1_sub_c2_color(java.lang.Double,java.lang.Double,java.lang.Double)&amp#27;[0m
]]></system-out>
  </testcase>
  <testcase name="Tuples, Vectors, and Points - Multiplying a color by a scalar" classname="Tuples, Vectors, and Points" time="0.008">
    <system-out><![CDATA[
Scenario: Multiplying a color by a scalar &amp#27;[90m# praytracer/tuples.feature:131&amp#27;[0m
  &amp#27;[32mGiven &amp#27;[0m&amp#27;[32mc ← color(&amp#27;[0m&amp#27;[32m&amp#27;[1m0.2&amp#27;[0m&amp#27;[32m, &amp#27;[0m&amp#27;[32m&amp#27;[1m0.3&amp#27;[0m&amp#27;[32m, &amp#27;[0m&amp#27;[32m&amp#27;[1m0.4&amp#27;[0m&amp#27;[32m)&amp#27;[0m          &amp#27;[90m# praytracer.StepDefinitions.c_color(java.lang.Double,java.lang.Double,java.lang.Double)&amp#27;[0m
  &amp#27;[32mThen &amp#27;[0m&amp#27;[32mc * &amp#27;[0m&amp#27;[32m&amp#27;[1m2&amp#27;[0m&amp#27;[32m = color(&amp#27;[0m&amp#27;[32m&amp#27;[1m0.4&amp#27;[0m&amp#27;[32m, &amp#27;[0m&amp#27;[32m&amp#27;[1m0.6&amp#27;[0m&amp#27;[32m, &amp#27;[0m&amp#27;[32m&amp#27;[1m0.8&amp#27;[0m&amp#27;[32m)&amp#27;[0m       &amp#27;[90m# praytracer.StepDefinitions.c_color(java.lang.Integer,java.lang.Double,java.lang.Double,java.lang.Double)&amp#27;[0m
]]></system-out>
  </testcase>
  <testcase name="Tuples, Vectors, and Points - Multiplying colors" classname="Tuples, Vectors, and Points" time="0.005">
    <system-out><![CDATA[
Scenario: Multiplying colors           &amp#27;[90m# praytracer/tuples.feature:135&amp#27;[0m
  &amp#27;[32mGiven &amp#27;[0m&amp#27;[32mc1 ← color(&amp#27;[0m&amp#27;[32m&amp#27;[1m1&amp#27;[0m&amp#27;[32m, &amp#27;[0m&amp#27;[32m&amp#27;[1m0.2&amp#27;[0m&amp#27;[32m, &amp#27;[0m&amp#27;[32m&amp#27;[1m0.4&amp#27;[0m&amp#27;[32m)&amp#27;[0m        &amp#27;[90m# praytracer.StepDefinitions.c1_color(java.lang.Double,java.lang.Double,java.lang.Double)&amp#27;[0m
  &amp#27;[32mAnd &amp#27;[0m&amp#27;[32mc2 ← color(&amp#27;[0m&amp#27;[32m&amp#27;[1m0.9&amp#27;[0m&amp#27;[32m, &amp#27;[0m&amp#27;[32m&amp#27;[1m1&amp#27;[0m&amp#27;[32m, &amp#27;[0m&amp#27;[32m&amp#27;[1m0.1&amp#27;[0m&amp#27;[32m)&amp#27;[0m          &amp#27;[90m# praytracer.StepDefinitions.c2_color(java.lang.Double,java.lang.Double,java.lang.Double)&amp#27;[0m
  &amp#27;[32mThen &amp#27;[0m&amp#27;[32mc1 * c2 = color(&amp#27;[0m&amp#27;[32m&amp#27;[1m0.9&amp#27;[0m&amp#27;[32m, &amp#27;[0m&amp#27;[32m&amp#27;[1m0.2&amp#27;[0m&amp#27;[32m, &amp#27;[0m&amp#27;[32m&amp#27;[1m0.04&amp#27;[0m&amp#27;[32m)&amp#27;[0m &amp#27;[90m# praytracer.StepDefinitions.c1_mul_c2_color(java.lang.Double,java.lang.Double,java.lang.Double)&amp#27;[0m
]]></system-out>
  </testcase>
</testsuite>